This file contains any messages produced by compilers while
running configure, to aid debugging if configure makes a mistake.

It was created by arc-firefox-theme configure 53.20170420, which was
generated by GNU Autoconf 2.69.  Invocation command line was

  $ arc-firefox-theme/configure --prefix=/usr

## --------- ##
## Platform. ##
## --------- ##

hostname = thinkpad
uname -m = x86_64
uname -r = 4.10.13-1-ARCH
uname -s = Linux
uname -v = #1 SMP PREEMPT Thu Apr 27 12:15:09 CEST 2017

/usr/bin/uname -p = unknown
/bin/uname -X     = unknown

/bin/arch              = unknown
/usr/bin/arch -k       = unknown
/usr/convex/getsysinfo = unknown
/usr/bin/hostinfo      = unknown
/bin/machine           = unknown
/usr/bin/oslevel       = unknown
/bin/universe          = unknown

PATH: /usr/local/sbin
PATH: /usr/local/bin
PATH: /usr/bin
PATH: /usr/bin/site_perl
PATH: /usr/bin/vendor_perl
PATH: /usr/bin/core_perl


## ----------- ##
## Core tests. ##
## ----------- ##

configure:1771: checking for a BSD-compatible install
configure:1839: result: /usr/bin/install -c
configure:1850: checking whether build environment is sane
configure:1905: result: yes
configure:2056: checking for a thread-safe mkdir -p
configure:2095: result: /usr/bin/mkdir -p
configure:2102: checking for gawk
configure:2118: found /usr/bin/gawk
configure:2129: result: gawk
configure:2140: checking whether make sets $(MAKE)
configure:2162: result: yes
configure:2191: checking whether make supports nested variables
configure:2208: result: yes
configure:2297: checking whether UID '0' is supported by ustar format
configure:2300: result: yes
configure:2307: checking whether GID '0' is supported by ustar format
configure:2310: result: yes
configure:2318: checking how to create a ustar tar archive
configure:2329: tar --version
tar (GNU tar) 1.29
Copyright (C) 2015 Free Software Foundation, Inc.
License GPLv3+: GNU GPL version 3 or later <http://gnu.org/licenses/gpl.html>.
This is free software: you are free to change and redistribute it.
There is NO WARRANTY, to the extent permitted by law.

Written by John Gilmore and Jay Fenlason.
configure:2332: $? = 0
configure:2372: tardir=conftest.dir && eval tar --format=ustar -chf - "$tardir" >conftest.tar
configure:2375: $? = 0
configure:2379: tar -xf - <conftest.tar
configure:2382: $? = 0
configure:2384: cat conftest.dir/file
GrepMe
configure:2387: $? = 0
configure:2400: result: gnutar
configure:2462: checking whether make supports nested variables
configure:2479: result: yes
configure:2714: checking that generated files are newer than configure
configure:2720: result: done
configure:2740: creating ./config.status

## ---------------------- ##
## Running config.status. ##
## ---------------------- ##

This file was extended by arc-firefox-theme config.status 53.20170420, which was
generated by GNU Autoconf 2.69.  Invocation command line was

  CONFIG_FILES    = 
  CONFIG_HEADERS  = 
  CONFIG_LINKS    = 
  CONFIG_COMMANDS = 
  $ ./config.status 

on thinkpad

config.status:753: creating Makefile
configure:3768: result:
        arc-firefox-theme 53.20170420
        ========

        prefix:                 /usr
        exec_prefix:            ${prefix}
        datarootdir:            ${prefix}/share


## ---------------- ##
## Cache variables. ##
## ---------------- ##

ac_cv_env_build_alias_set=
ac_cv_env_build_alias_value=
ac_cv_env_host_alias_set=
ac_cv_env_host_alias_value=
ac_cv_env_target_alias_set=
ac_cv_env_target_alias_value=
ac_cv_path_install='/usr/bin/install -c'
ac_cv_path_mkdir=/usr/bin/mkdir
ac_cv_prog_AWK=gawk
ac_cv_prog_make_make_set=yes
am_cv_make_support_nested_variables=yes
am_cv_prog_tar_ustar=gnutar

## ----------------- ##
## Output variables. ##
## ----------------- ##

ACLOCAL='${SHELL} /home/vites/.i3/arc-firefox-theme/missing aclocal-1.15'
AMTAR='$${TAR-tar}'
AM_BACKSLASH='\'
AM_DEFAULT_V='$(AM_DEFAULT_VERBOSITY)'
AM_DEFAULT_VERBOSITY='0'
AM_V='$(V)'
AUTOCONF='${SHELL} /home/vites/.i3/arc-firefox-theme/missing autoconf'
AUTOHEADER='${SHELL} /home/vites/.i3/arc-firefox-theme/missing autoheader'
AUTOMAKE='${SHELL} /home/vites/.i3/arc-firefox-theme/missing automake-1.15'
AWK='gawk'
CYGPATH_W='echo'
DEFS='-DPACKAGE_NAME=\"arc-firefox-theme\" -DPACKAGE_TARNAME=\"arc-firefox-theme\" -DPACKAGE_VERSION=\"53.20170420\" -DPACKAGE_STRING=\"arc-firefox-theme\ 53.20170420\" -DPACKAGE_BUGREPORT=\"https://github.com/horst3180/arc-firefox-theme/issues\" -DPACKAGE_URL=\"https://github.com/horst3180/arc-firefox-theme\" -DPACKAGE=\"arc-firefox-theme\" -DVERSION=\"53.20170420\"'
ECHO_C=''
ECHO_N='-n'
ECHO_T=''
ENABLE_DARK='yes'
ENABLE_DARKER='yes'
ENABLE_DARKER_FALSE='#'
ENABLE_DARKER_TRUE=''
ENABLE_DARK_FALSE='#'
ENABLE_DARK_TRUE=''
ENABLE_LIGHT='yes'
ENABLE_LIGHT_FALSE='#'
ENABLE_LIGHT_TRUE=''
INSTALL_DATA='${INSTALL} -m 644'
INSTALL_PROGRAM='${INSTALL}'
INSTALL_SCRIPT='${INSTALL}'
INSTALL_STRIP_PROGRAM='$(install_sh) -c -s'
LIBOBJS=''
LIBS=''
LTLIBOBJS=''
MAKEINFO='${SHELL} /home/vites/.i3/arc-firefox-theme/missing makeinfo'
MKDIR_P='/usr/bin/mkdir -p'
PACKAGE='arc-firefox-theme'
PACKAGE_BUGREPORT='https://github.com/horst3180/arc-firefox-theme/issues'
PACKAGE_NAME='arc-firefox-theme'
PACKAGE_STRING='arc-firefox-theme 53.20170420'
PACKAGE_TARNAME='arc-firefox-theme'
PACKAGE_URL='https://github.com/horst3180/arc-firefox-theme'
PACKAGE_VERSION='53.20170420'
PATH_SEPARATOR=':'
SET_MAKE=''
SHELL='/bin/sh'
STRIP=''
VERSION='53.20170420'
am__isrc=' -I$(srcdir)'
am__leading_dot='.'
am__tar='tar --format=ustar -chf - "$$tardir"'
am__untar='tar -xf -'
bindir='${exec_prefix}/bin'
build_alias=''
datadir='${datarootdir}'
datarootdir='${prefix}/share'
docdir='${datarootdir}/doc/${PACKAGE_TARNAME}'
dvidir='${docdir}'
exec_prefix='${prefix}'
host_alias=''
htmldir='${docdir}'
includedir='${prefix}/include'
infodir='${datarootdir}/info'
install_sh='${SHELL} /home/vites/.i3/arc-firefox-theme/install-sh'
libdir='${exec_prefix}/lib'
libexecdir='${exec_prefix}/libexec'
localedir='${datarootdir}/locale'
localstatedir='${prefix}/var'
mandir='${datarootdir}/man'
mkdir_p='$(MKDIR_P)'
oldincludedir='/usr/include'
pdfdir='${docdir}'
prefix='/usr'
program_transform_name='s,x,x,'
psdir='${docdir}'
sbindir='${exec_prefix}/sbin'
sharedstatedir='${prefix}/com'
sysconfdir='${prefix}/etc'
target_alias=''

## ----------- ##
## confdefs.h. ##
## ----------- ##

/* confdefs.h */
#define PACKAGE_NAME "arc-firefox-theme"
#define PACKAGE_TARNAME "arc-firefox-theme"
#define PACKAGE_VERSION "53.20170420"
#define PACKAGE_STRING "arc-firefox-theme 53.20170420"
#define PACKAGE_BUGREPORT "https://github.com/horst3180/arc-firefox-theme/issues"
#define PACKAGE_URL "https://github.com/horst3180/arc-firefox-theme"
#define PACKAGE "arc-firefox-theme"
#define VERSION "53.20170420"

configure: exit 0
